token: var --at: [-1, -1]  type-> (2)
token: ID --at: 10  type-> (1)
token: > --at: [-1, -1]  type-> (3)
token: ID --at: 10  type-> (1)
token: ? --at: [-1, -1]  type-> (3)
token: ID --at: 10  type-> (1)
token: le --at: [-1, -1]  type-> (3)
token: IC --at: 9  type-> (0)
token: => --at: [-1, -1]  type-> (3)
token: false --at: [-1, -1]  type-> (2)
token: : --at: [-1, -1]  type-> (3)
token: ID --at: 10  type-> (1)
token: eq --at: [-1, -1]  type-> (3)
token: IC --at: 10  type-> (0)
token: => --at: [-1, -1]  type-> (3)
token: true --at: [-1, -1]  type-> (2)
token: : --at: [-1, -1]  type-> (3)
token: ID --at: 10  type-> (1)
token: mod --at: [-1, -1]  type-> (3)
token: IC --at: 10  type-> (0)
token: => --at: [-1, -1]  type-> (3)
token: false --at: [-1, -1]  type-> (2)
token: : --at: [-1, -1]  type-> (3)
token: var --at: [-1, -1]  type-> (2)
token: ID --at: 5  type-> (1)
token: IC --at: 11  type-> (0)
token: > --at: [-1, -1]  type-> (3)
token: ID --at: 5  type-> (1)
token: ID --at: 5  type-> (1)
token: - --at: [-1, -1]  type-> (3)
token: > --at: [-1, -1]  type-> (3)
token: ID --at: 5  type-> (1)
token: * --at: [-1, -1]  type-> (3)
token: ID --at: 5  type-> (1)
token: eq --at: [-1, -1]  type-> (3)
token: ID --at: 10  type-> (1)
token: , --at: [-1, -1]  type-> (4)
token: + --at: [-1, -1]  type-> (3)
token: IC --at: 10  type-> (0)
token: > --at: [-1, -1]  type-> (3)
token: ID --at: 5  type-> (1)
token: ? --at: [-1, -1]  type-> (3)
token: ID --at: 10  type-> (1)
token: mod --at: [-1, -1]  type-> (3)
token: ID --at: 5  type-> (1)
token: 	 --at: [-1, -1]  type-> (4)
token: => --at: [-1, -1]  type-> (3)
token: false --at: [-1, -1]  type-> (2)
token: => --at: [-1, -1]  type-> (3)
token: true --at: [-1, -1]  type-> (2)
