token: var --at: [-1, -1]  type-> (2)
token: ID --at: 10  type-> (1)
token: ID --at: 0  type-> (1)
token: ID --at: 1  type-> (1)
token: IC --at: 8  type-> (0)
token: > --at: [-1, -1]  type-> (3)
token: ID --at: 1  type-> (1)
token: > --at: [-1, -1]  type-> (3)
token: ID --at: 10  type-> (1)
token: var --at: [-1, -1]  type-> (2)
token: ID --at: 5  type-> (1)
token: IC --at: 9  type-> (0)
token: > --at: [-1, -1]  type-> (3)
token: ID --at: 5  type-> (1)
token: ID --at: 5  type-> (1)
token: - --at: [-1, -1]  type-> (3)
token: > --at: [-1, -1]  type-> (3)
token: ID --at: 5  type-> (1)
token: eq --at: [-1, -1]  type-> (3)
token: ID --at: 10  type-> (1)
token: , --at: [-1, -1]  type-> (4)
token: + --at: [-1, -1]  type-> (3)
token: IC --at: 9  type-> (0)
token: > --at: [-1, -1]  type-> (3)
token: ID --at: 5  type-> (1)
token: > --at: [-1, -1]  type-> (3)
token: ID --at: 0  type-> (1)
token: + --at: [-1, -1]  type-> (3)
token: ID --at: 0  type-> (1)
token: > --at: [-1, -1]  type-> (3)
token: ID --at: 1  type-> (1)
